<?xml version="1.0" encoding="UTF-8"?>
<testng-results skipped="0" failed="0" ignored="0" total="4" passed="4">
  <reporter-output>
  </reporter-output>
  <suite name="Default suite" duration-ms="114215" started-at="2019-09-19T22:22:02Z" finished-at="2019-09-19T22:23:56Z">
    <groups>
    </groups>
    <test name="Default test" duration-ms="114215" started-at="2019-09-19T22:22:02Z" finished-at="2019-09-19T22:23:56Z">
      <class name="com.training.regression.tests.ELTC_064_createCouerseComplex">
        <test-method status="PASS" signature="setUpBeforeClass()[pri:0, instance:com.training.regression.tests.ELTC_064_createCouerseComplex@3e6fa38a]" name="setUpBeforeClass" is-config="true" duration-ms="20" started-at="2019-09-19T22:22:02Z" finished-at="2019-09-19T22:22:02Z">
          <reporter-output>
          </reporter-output>
        </test-method> <!-- setUpBeforeClass -->
        <test-method status="PASS" signature="setUp()[pri:0, instance:com.training.regression.tests.ELTC_064_createCouerseComplex@3e6fa38a]" name="setUp" is-config="true" duration-ms="16257" started-at="2019-09-19T22:22:02Z" finished-at="2019-09-19T22:22:18Z">
          <reporter-output>
          </reporter-output>
        </test-method> <!-- setUp -->
        <test-method status="PASS" signature="createCourse()[pri:1, instance:com.training.regression.tests.ELTC_064_createCouerseComplex@3e6fa38a]" name="createCourse" duration-ms="13760" started-at="2019-09-19T22:22:18Z" finished-at="2019-09-19T22:22:32Z">
          <reporter-output>
          </reporter-output>
        </test-method> <!-- createCourse -->
        <test-method status="PASS" signature="addDetailsToCourse()[pri:2, instance:com.training.regression.tests.ELTC_064_createCouerseComplex@3e6fa38a]" name="addDetailsToCourse" duration-ms="60690" started-at="2019-09-19T22:22:32Z" depends-on-methods="com.training.regression.tests.ELTC_064_createCouerseComplex.createCourse" finished-at="2019-09-19T22:23:33Z">
          <reporter-output>
          </reporter-output>
        </test-method> <!-- addDetailsToCourse -->
        <test-method status="PASS" signature="subscribeCourse()[pri:3, instance:com.training.regression.tests.ELTC_064_createCouerseComplex@3e6fa38a]" name="subscribeCourse" duration-ms="10585" started-at="2019-09-19T22:23:33Z" depends-on-methods="com.training.regression.tests.ELTC_064_createCouerseComplex.addDetailsToCourse" finished-at="2019-09-19T22:23:43Z">
          <reporter-output>
          </reporter-output>
        </test-method> <!-- subscribeCourse -->
        <test-method status="PASS" signature="verifyDetailAsAdmin()[pri:4, instance:com.training.regression.tests.ELTC_064_createCouerseComplex@3e6fa38a]" name="verifyDetailAsAdmin" duration-ms="10973" started-at="2019-09-19T22:23:43Z" depends-on-methods="com.training.regression.tests.ELTC_064_createCouerseComplex.subscribeCourse" finished-at="2019-09-19T22:23:54Z">
          <reporter-output>
          </reporter-output>
        </test-method> <!-- verifyDetailAsAdmin -->
        <test-method status="PASS" signature="tearDown()[pri:0, instance:com.training.regression.tests.ELTC_064_createCouerseComplex@3e6fa38a]" name="tearDown" is-config="true" duration-ms="1891" started-at="2019-09-19T22:23:54Z" finished-at="2019-09-19T22:23:56Z">
          <reporter-output>
          </reporter-output>
        </test-method> <!-- tearDown -->
      </class> <!-- com.training.regression.tests.ELTC_064_createCouerseComplex -->
    </test> <!-- Default test -->
  </suite> <!-- Default suite -->
</testng-results>
