<?xml version="1.0" encoding="UTF-8"?>
<!-- Generated by org.testng.reporters.JUnitXMLReporter -->
<testsuite hostname="DESKTOP-A2435EO" ignored="0" name="Default test" tests="4" failures="0" timestamp="19 Sep 2019 22:23:56 GMT" time="114.215" errors="0">
  <testcase name="createCourse" time="13.76" classname="com.training.regression.tests.ELTC_064_createCouerseComplex"/>
  <testcase name="addDetailsToCourse" time="60.69" classname="com.training.regression.tests.ELTC_064_createCouerseComplex"/>
  <testcase name="subscribeCourse" time="10.585" classname="com.training.regression.tests.ELTC_064_createCouerseComplex"/>
  <testcase name="verifyDetailAsAdmin" time="10.973" classname="com.training.regression.tests.ELTC_064_createCouerseComplex"/>
</testsuite> <!-- Default test -->
